d:\00 my projects\dotnet\cppwinform\cppwinform\debug\vc140.pdb
d:\00 my projects\dotnet\cppwinform\cppwinform\debug\.netframework,version=v4.5.2.assemblyattributes.obj
d:\00 my projects\dotnet\cppwinform\cppwinform\debug\.netframework,version=v4.5.2.assemblyattributes.asm
d:\00 my projects\dotnet\cppwinform\cppwinform\debug\packagemodel.obj
d:\00 my projects\dotnet\cppwinform\cppwinform\debug\package.obj
d:\00 my projects\dotnet\cppwinform\cppwinform\debug\myform.obj
d:\00 my projects\dotnet\cppwinform\cppwinform\debug\cppwinform.myform.resources
d:\00 my projects\dotnet\cppwinform\debug\cppwinform.exe
d:\00 my projects\dotnet\cppwinform\debug\cppwinform.pdb
d:\00 my projects\dotnet\cppwinform\cppwinform\debug\cppwinform.vcxproj.generateresource.cache
d:\00 my projects\dotnet\cppwinform\cppwinform\debug\cppwinform.vcxprojresolveassemblyreference.cache
d:\00 my projects\dotnet\cppwinform\cppwinform\debug\cppwinform.tlog\cl.command.1.tlog
d:\00 my projects\dotnet\cppwinform\cppwinform\debug\cppwinform.tlog\cl.read.1.tlog
d:\00 my projects\dotnet\cppwinform\cppwinform\debug\cppwinform.tlog\cl.write.1.tlog
d:\00 my projects\dotnet\cppwinform\cppwinform\debug\cppwinform.tlog\cppwinform.write.1u.tlog
d:\00 my projects\dotnet\cppwinform\cppwinform\debug\cppwinform.tlog\link.command.1.tlog
d:\00 my projects\dotnet\cppwinform\cppwinform\debug\cppwinform.tlog\link.read.1.tlog
d:\00 my projects\dotnet\cppwinform\cppwinform\debug\cppwinform.tlog\link.write.1.tlog
d:\00 my projects\dotnet\cppwinform\cppwinform\debug\cppwinform.tlog\metagen.read.1.tlog
d:\00 my projects\dotnet\cppwinform\cppwinform\debug\cppwinform.tlog\metagen.write.1.tlog
d:\00 my projects\dotnet\cppwinform\cppwinform\debug\cppwinform.tlog\tzres.dll.bi
